Build started 2016/4/1 12:47:51.
     1>Project "F:\GitHub\cvpr_interpolation_etc\interpolation_etc\interpolation_etc\interpolation_etc.vcxproj" on node 2 (build target(s)).
     1>InitializeBuildStatus:
         Touching "Release\interpolation_etc.unsuccessfulbuild".
       ClCompile:
         All outputs are up-to-date.
       Link:
         C:\Program Files (x86)\Microsoft Visual Studio 10.0\VC\bin\link.exe /ERRORREPORT:PROMPT /OUT:"F:\GitHub\cvpr_interpolation_etc\interpolation_etc\Release\interpolation_etc.exe" /INCREMENTAL:NO /NOLOGO opencv_calib3d2410.lib opencv_contrib2410.lib opencv_core2410.lib opencv_features2d2410.lib opencv_flann2410.lib opencv_gpu2410.lib opencv_highgui2410.lib opencv_imgproc2410.lib opencv_legacy2410.lib opencv_ml2410.lib opencv_objdetect2410.lib opencv_ts2410.lib opencv_video2410.lib opencv_calib3d2410.lib opencv_contrib2410.lib opencv_core2410.lib opencv_features2d2410.lib opencv_flann2410.lib opencv_gpu2410.lib opencv_highgui2410.lib opencv_imgproc2410.lib opencv_legacy2410.lib opencv_ml2410d.lib opencv_objdetect2410.lib opencv_ts2410.lib opencv_video2410.lib opencv_nonfree2410.lib opencv_ocl2410.lib opencv_photo2410.lib opencv_stitching2410.lib opencv_superres2410.lib opencv_videostab2410.lib opencv_calib3d2410d.lib opencv_contrib2410d.lib opencv_core2410d.lib opencv_features2d2410d.lib opencv_flann2410d.lib opencv_gpu2410d.lib opencv_highgui2410d.lib opencv_imgproc2410d.lib opencv_legacy2410d.lib opencv_objdetect2410d.lib opencv_ts2410d.lib opencv_video2410d.lib opencv_nonfree2410d.lib opencv_ocl2410d.lib opencv_photo2410d.lib opencv_stitching2410d.lib opencv_superres2410d.lib opencv_videostab2410d.lib kernel32.lib user32.lib gdi32.lib winspool.lib comdlg32.lib advapi32.lib shell32.lib ole32.lib oleaut32.lib uuid.lib odbc32.lib odbccp32.lib /MANIFEST /ManifestFile:"Release\interpolation_etc.exe.intermediate.manifest" /MANIFESTUAC:"level='asInvoker' uiAccess='false'" /DEBUG /PDB:"F:\GitHub\cvpr_interpolation_etc\interpolation_etc\Release\interpolation_etc.pdb" /SUBSYSTEM:CONSOLE /OPT:REF /OPT:ICF /LTCG /TLBID:1 /DYNAMICBASE /NXCOMPAT /IMPLIB:"F:\GitHub\cvpr_interpolation_etc\interpolation_etc\Release\interpolation_etc.lib" /MACHINE:X86 Release\CFastDepthInterp.obj
         Release\main.obj
         Release\CFastDepthInterp.obj
     1>Release\CFastDepthInterp.obj : warning LNK4042: object specified more than once; extras ignored
     1>main.obj : error LNK2001: unresolved external symbol "public: void __thiscall CFastDepthInterp::fastBFilterDepthInterp(double)" (?fastBFilterDepthInterp@CFastDepthInterp@@QAEXN@Z)
     1>main.obj : error LNK2001: unresolved external symbol "public: __thiscall CFastDepthInterp::CFastDepthInterp(class cv::Mat const &,class cv::Size_<int> const &,int,double,double)" (??0CFastDepthInterp@@QAE@ABVMat@cv@@ABV?$Size_@H@2@HNN@Z)
     1>F:\GitHub\cvpr_interpolation_etc\interpolation_etc\Release\interpolation_etc.exe : fatal error LNK1120: 2 unresolved externals
     1>Done Building Project "F:\GitHub\cvpr_interpolation_etc\interpolation_etc\interpolation_etc\interpolation_etc.vcxproj" (build target(s)) -- FAILED.

Build FAILED.

Time Elapsed 00:00:00.19
